This is pdfTeX, Version 3.141592653-2.6-1.40.22 (TeX Live 2021) (preloaded format=pdflatex 2022.2.25)  10 JAN 2023 23:23
entering extended mode
 restricted \write18 enabled.
 file:line:error style messages enabled.
 %&-line parsing enabled.
**documentation.tex
(./documentation.tex
LaTeX2e <2020-10-01> patch level 4
L3 programming layer <2021-02-18>
(/usr/local/texlive/2021/texmf-dist/tex/latex/base/book.cls
Document Class: book 2020/04/10 v1.4m Standard LaTeX document class
(/usr/local/texlive/2021/texmf-dist/tex/latex/base/bk10.clo
File: bk10.clo 2020/04/10 v1.4m Standard LaTeX file (size option)
)
\c@part=\count179
\c@chapter=\count180
\c@section=\count181
\c@subsection=\count182
\c@subsubsection=\count183
\c@paragraph=\count184
\c@subparagraph=\count185
\c@figure=\count186
\c@table=\count187
\abovecaptionskip=\skip47
\belowcaptionskip=\skip48
\bibindent=\dimen138
)
(/usr/local/texlive/2021/texmf-dist/tex/latex/base/inputenc.sty
Package: inputenc 2020/08/01 v1.3d Input encoding file
\inpenc@prehook=\toks15
\inpenc@posthook=\toks16
)
(/usr/local/texlive/2021/texmf-dist/tex/latex/amsmath/amsmath.sty
Package: amsmath 2020/09/23 v2.17i AMS math features
\@mathmargin=\skip49

For additional information on amsmath, use the `?' option.
(/usr/local/texlive/2021/texmf-dist/tex/latex/amsmath/amstext.sty
Package: amstext 2000/06/29 v2.01 AMS text

(/usr/local/texlive/2021/texmf-dist/tex/latex/amsmath/amsgen.sty
File: amsgen.sty 1999/11/30 v2.0 generic functions
\@emptytoks=\toks17
\ex@=\dimen139
))
(/usr/local/texlive/2021/texmf-dist/tex/latex/amsmath/amsbsy.sty
Package: amsbsy 1999/11/29 v1.2d Bold Symbols
\pmbraise@=\dimen140
)
(/usr/local/texlive/2021/texmf-dist/tex/latex/amsmath/amsopn.sty
Package: amsopn 2016/03/08 v2.02 operator names
)
\inf@bad=\count188
LaTeX Info: Redefining \frac on input line 234.
\uproot@=\count189
\leftroot@=\count190
LaTeX Info: Redefining \overline on input line 399.
\classnum@=\count191
\DOTSCASE@=\count192
LaTeX Info: Redefining \ldots on input line 496.
LaTeX Info: Redefining \dots on input line 499.
LaTeX Info: Redefining \cdots on input line 620.
\Mathstrutbox@=\box47
\strutbox@=\box48
\big@size=\dimen141
LaTeX Font Info:    Redeclaring font encoding OML on input line 743.
LaTeX Font Info:    Redeclaring font encoding OMS on input line 744.
\macc@depth=\count193
\c@MaxMatrixCols=\count194
\dotsspace@=\muskip16
\c@parentequation=\count195
\dspbrk@lvl=\count196
\tag@help=\toks18
\row@=\count197
\column@=\count198
\maxfields@=\count199
\andhelp@=\toks19
\eqnshift@=\dimen142
\alignsep@=\dimen143
\tagshift@=\dimen144
\tagwidth@=\dimen145
\totwidth@=\dimen146
\lineht@=\dimen147
\@envbody=\toks20
\multlinegap=\skip50
\multlinetaggap=\skip51
\mathdisplay@stack=\toks21
LaTeX Info: Redefining \[ on input line 2923.
LaTeX Info: Redefining \] on input line 2924.
)
(/usr/local/texlive/2021/texmf-dist/tex/latex/amsfonts/amssymb.sty
Package: amssymb 2013/01/14 v3.01 AMS font symbols

(/usr/local/texlive/2021/texmf-dist/tex/latex/amsfonts/amsfonts.sty
Package: amsfonts 2013/01/14 v3.01 Basic AMSFonts support
\symAMSa=\mathgroup4
\symAMSb=\mathgroup5
LaTeX Font Info:    Redeclaring math symbol \hbar on input line 98.
LaTeX Font Info:    Overwriting math alphabet `\mathfrak' in version `bold'
(Font)                  U/euf/m/n --> U/euf/b/n on input line 106.
))
(/usr/local/texlive/2021/texmf-dist/tex/latex/multirow/multirow.sty
Package: multirow 2021/03/15 v2.8 Span multiple rows of a table
\multirow@colwidth=\skip52
\multirow@cntb=\count266
\multirow@dima=\skip53
\bigstrutjot=\dimen148
)
(/usr/local/texlive/2021/texmf-dist/tex/latex/graphics/graphicx.sty
Package: graphicx 2020/09/09 v1.2b Enhanced LaTeX Graphics (DPC,SPQR)

(/usr/local/texlive/2021/texmf-dist/tex/latex/graphics/keyval.sty
Package: keyval 2014/10/28 v1.15 key=value parser (DPC)
\KV@toks@=\toks22
)
(/usr/local/texlive/2021/texmf-dist/tex/latex/graphics/graphics.sty
Package: graphics 2020/08/30 v1.4c Standard LaTeX Graphics (DPC,SPQR)

(/usr/local/texlive/2021/texmf-dist/tex/latex/graphics/trig.sty
Package: trig 2016/01/03 v1.10 sin cos tan (DPC)
)
(/usr/local/texlive/2021/texmf-dist/tex/latex/graphics-cfg/graphics.cfg
File: graphics.cfg 2016/06/04 v1.11 sample graphics configuration
)
Package graphics Info: Driver file: pdftex.def on input line 105.

(/usr/local/texlive/2021/texmf-dist/tex/latex/graphics-def/pdftex.def
File: pdftex.def 2020/10/05 v1.2a Graphics/color driver for pdftex
))
\Gin@req@height=\dimen149
\Gin@req@width=\dimen150
)
(/usr/local/texlive/2021/texmf-dist/tex/latex/caption/caption.sty
Package: caption 2020/10/26 v3.5g Customizing captions (AR)

(/usr/local/texlive/2021/texmf-dist/tex/latex/caption/caption3.sty
Package: caption3 2020/10/21 v2.2e caption3 kernel (AR)
\captionmargin=\dimen151
\captionmargin@=\dimen152
\captionwidth=\dimen153
\caption@tempdima=\dimen154
\caption@indent=\dimen155
\caption@parindent=\dimen156
\caption@hangindent=\dimen157
Package caption Info: Standard document class detected.
)
\c@caption@flags=\count267
\c@continuedfloat=\count268
)
(/usr/local/texlive/2021/texmf-dist/tex/latex/subfig/subfig.sty
Package: subfig 2005/06/28 ver: 1.3 subfig package
\c@KVtest=\count269
\sf@farskip=\skip54
\sf@captopadj=\dimen158
\sf@capskip=\skip55
\sf@nearskip=\skip56
\c@subfigure=\count270
\c@subfigure@save=\count271
\c@lofdepth=\count272
\c@subtable=\count273
\c@subtable@save=\count274
\c@lotdepth=\count275
\sf@top=\skip57
\sf@bottom=\skip58
)
(/usr/local/texlive/2021/texmf-dist/tex/latex/listings/listings.sty
\lst@mode=\count276
\lst@gtempboxa=\box49
\lst@token=\toks23
\lst@length=\count277
\lst@currlwidth=\dimen159
\lst@column=\count278
\lst@pos=\count279
\lst@lostspace=\dimen160
\lst@width=\dimen161
\lst@newlines=\count280
\lst@lineno=\count281
\lst@maxwidth=\dimen162

(/usr/local/texlive/2021/texmf-dist/tex/latex/listings/lstmisc.sty
File: lstmisc.sty 2020/03/24 1.8d (Carsten Heinz)
\c@lstnumber=\count282
\lst@skipnumbers=\count283
\lst@framebox=\box50
)
(/usr/local/texlive/2021/texmf-dist/tex/latex/listings/listings.cfg
File: listings.cfg 2020/03/24 1.8d listings configuration
))
Package: listings 2020/03/24 1.8d (Carsten Heinz)

(/usr/local/texlive/2021/texmf-dist/tex/latex/graphics/color.sty
Package: color 2020/02/24 v1.2b Standard LaTeX Color (DPC)

(/usr/local/texlive/2021/texmf-dist/tex/latex/graphics-cfg/color.cfg
File: color.cfg 2016/01/02 v1.6 sample color configuration
)
Package color Info: Driver file: pdftex.def on input line 147.

(/usr/local/texlive/2021/texmf-dist/tex/latex/graphics/dvipsnam.def
File: dvipsnam.def 2016/06/17 v3.0m Driver-dependent file (DPC,SPQR)
))
(/usr/local/texlive/2021/texmf-dist/tex/latex/l3backend/l3backend-pdftex.def
File: l3backend-pdftex.def 2021-03-18 L3 backend support: PDF output (pdfTeX)
\l__color_backend_stack_int=\count284
\l__pdf_internal_box=\box51
)
(./documentation.aux

LaTeX Warning: Label `fig:Problem1plot' multiply defined.


LaTeX Warning: Label `prob:Problem1' multiply defined.


LaTeX Warning: Label `fig:Problem1plot' multiply defined.


LaTeX Warning: Label `prob:Problem1' multiply defined.


LaTeX Warning: Label `fig:Problem1plot' multiply defined.

)
\openout1 = `documentation.aux'.

LaTeX Font Info:    Checking defaults for OML/cmm/m/it on input line 20.
LaTeX Font Info:    ... okay on input line 20.
LaTeX Font Info:    Checking defaults for OMS/cmsy/m/n on input line 20.
LaTeX Font Info:    ... okay on input line 20.
LaTeX Font Info:    Checking defaults for OT1/cmr/m/n on input line 20.
LaTeX Font Info:    ... okay on input line 20.
LaTeX Font Info:    Checking defaults for T1/cmr/m/n on input line 20.
LaTeX Font Info:    ... okay on input line 20.
LaTeX Font Info:    Checking defaults for TS1/cmr/m/n on input line 20.
LaTeX Font Info:    ... okay on input line 20.
LaTeX Font Info:    Checking defaults for OMX/cmex/m/n on input line 20.
LaTeX Font Info:    ... okay on input line 20.
LaTeX Font Info:    Checking defaults for U/cmr/m/n on input line 20.
LaTeX Font Info:    ... okay on input line 20.
 (/usr/local/texlive/2021/texmf-dist/tex/context/base/mkii/supp-pdf.mkii
[Loading MPS to PDF converter (version 2006.09.02).]
\scratchcounter=\count285
\scratchdimen=\dimen163
\scratchbox=\box52
\nofMPsegments=\count286
\nofMParguments=\count287
\everyMPshowfont=\toks24
\MPscratchCnt=\count288
\MPscratchDim=\dimen164
\MPnumerator=\count289
\makeMPintoPDFobject=\count290
\everyMPtoPDFconversion=\toks25
) (/usr/local/texlive/2021/texmf-dist/tex/latex/epstopdf-pkg/epstopdf-base.sty
Package: epstopdf-base 2020-01-24 v2.11 Base part for package epstopdf

(/usr/local/texlive/2021/texmf-dist/tex/generic/infwarerr/infwarerr.sty
Package: infwarerr 2019/12/03 v1.5 Providing info/warning/error messages (HO)
)
(/usr/local/texlive/2021/texmf-dist/tex/latex/grfext/grfext.sty
Package: grfext 2019/12/03 v1.3 Manage graphics extensions (HO)

(/usr/local/texlive/2021/texmf-dist/tex/generic/kvdefinekeys/kvdefinekeys.sty
Package: kvdefinekeys 2019-12-19 v1.6 Define keys (HO)
)) (/usr/local/texlive/2021/texmf-dist/tex/latex/kvoptions/kvoptions.sty
Package: kvoptions 2020-10-07 v3.14 Key value format for package options (HO)

(/usr/local/texlive/2021/texmf-dist/tex/generic/ltxcmds/ltxcmds.sty
Package: ltxcmds 2020-05-10 v1.25 LaTeX kernel commands for general use (HO)
)
(/usr/local/texlive/2021/texmf-dist/tex/generic/kvsetkeys/kvsetkeys.sty
Package: kvsetkeys 2019/12/15 v1.18 Key value parser (HO)
))
(/usr/local/texlive/2021/texmf-dist/tex/generic/pdftexcmds/pdftexcmds.sty
Package: pdftexcmds 2020-06-27 v0.33 Utility functions of pdfTeX for LuaTeX (HO
)

(/usr/local/texlive/2021/texmf-dist/tex/generic/iftex/iftex.sty
Package: iftex 2020/03/06 v1.0d TeX engine tests
)
Package pdftexcmds Info: \pdf@primitive is available.
Package pdftexcmds Info: \pdf@ifprimitive is available.
Package pdftexcmds Info: \pdfdraftmode found.
)
Package epstopdf-base Info: Redefining graphics rule for `.eps' on input line 4
85.
Package grfext Info: Graphics extension search list:
(grfext)             [.pdf,.png,.jpg,.mps,.jpeg,.jbig2,.jb2,.PDF,.PNG,.JPG,.JPE
G,.JBIG2,.JB2,.eps]
(grfext)             \AppendGraphicsExtensions on input line 504.

(/usr/local/texlive/2021/texmf-dist/tex/latex/latexconfig/epstopdf-sys.cfg
File: epstopdf-sys.cfg 2010/07/13 v1.3 Configuration of (r)epstopdf for TeX Liv
e
))
Package caption Info: Begin \AtBeginDocument code.
Package caption Info: subfig package v1.3 is loaded.
Package caption Info: listings package is loaded.
Package caption Info: End \AtBeginDocument code.
\c@lstlisting=\count291
LaTeX Font Info:    Trying to load font information for U+msa on input line 23.


(/usr/local/texlive/2021/texmf-dist/tex/latex/amsfonts/umsa.fd
File: umsa.fd 2013/01/14 v3.01 AMS symbols A
)
LaTeX Font Info:    Trying to load font information for U+msb on input line 23.


(/usr/local/texlive/2021/texmf-dist/tex/latex/amsfonts/umsb.fd
File: umsb.fd 2013/01/14 v3.01 AMS symbols B
) [1


{/usr/local/texlive/2021/texmf-var/fonts/map/pdftex/updmap/pdftex.map}] [2

]
(./documentation.toc [3])
\tf@toc=\write3
\openout3 = `documentation.toc'.

 [4]
Chapter 1.

Overfull \hbox (50.27649pt too wide) in paragraph at lines 31--32
[]\OT1/cmr/m/n/10 The main use-ful classes for an ex-ter-nal user are [][]\OT1/
cmtt/m/n/10 ApproxDiffusionConvectionProblem2D
 []


Overfull \hbox (32.9967pt too wide) in paragraph at lines 33--34
[][]\OT1/cmtt/m/n/10 /Classes/@Mesh/Triangolatore/Long/bbtr30/attachments/User'
s handbook.pdf 
 []

(/usr/local/texlive/2021/texmf-dist/tex/latex/listings/lstlang1.sty
File: lstlang1.sty 2020/03/24 1.8d listings language file
)
(./Example.m
LaTeX Font Info:    Trying to load font information for T1+pcr on input line 3.

 (/usr/local/texlive/2021/texmf-dist/tex/latex/psnfss/t1pcr.fd
File: t1pcr.fd 2001/06/04 font definitions for T1/pcr.
)
LaTeX Font Info:    Font shape `OT1/cmtt/bx/n' in size <8> not available
(Font)              Font shape `OT1/cmtt/m/n' tried instead on input line 5.

[5

]) [6]
Chapter 2.
(./Classes/element.tex [7

] [8]) (./Classes/mesh.tex [9] [10] [11])
(./Classes/diffusionConvectionProblem2D.tex [12]
Overfull \hbox (14.33084pt too wide) in paragraph at lines 44--45
[][][]\OT1/cmtt/m/n/10 DiffusionConvectionReactionProblem2D.exactSolution.uGrad
 []\OT1/cmr/m/n/10 is a func-
 []

[13]
Overfull \hbox (6.74745pt too wide) in paragraph at lines 78--79
[][]\OT1/cmtt/m/n/10 DiffusionConvectionReactionProblem2D.BC.boundaryFunctions 
[]\OT1/cmr/m/n/10 which
 []

[14]) (./Classes/approxDiffusionConvectionProblem2D.tex
Overfull \hbox (2.90019pt too wide) in paragraph at lines 13--14
\OT1/cmr/m/n/10 with $\OML/cmm/m/it/10 i \OT1/cmr/m/n/10 = 1\OML/cmm/m/it/10 ; 
\OT1/cmr/m/n/10 2$ and $[](\OML/cmm/m/it/10 V[]\OT1/cmr/m/n/10 ) = \OML/cmm/m/i
t/10 N[] \OT1/cmr/m/n/10 = \OML/cmm/m/it/10 N[] \OT1/cmr/m/n/10 + \OML/cmm/m/it
/10 N[]$ \OT1/cmr/m/n/10 with a ba-sis given by $\OMS/cmsy/m/n/10 f\OML/cmm/m/i
t/10 '[]\OMS/cmsy/m/n/10 g[] [
 []

[15]
Overfull \hbox (56.33165pt too wide) in paragraph at lines 52--54
\OT1/cmr/m/n/10 It com-putes and saves in an ob-ject of class [][]\OT1/cmtt/m/n
/10 ApproxDiffusionConvectionReactionProblem2D
 []


Overfull \hbox (21.553pt too wide) in paragraph at lines 52--54
[]\OT1/cmr/m/n/10 the prop-er-ties [][]\OT1/cmtt/m/n/10 ApproxDiffusionConvecti
onReactionProblem2D.stiffnessMatrix
 []

[16]
Overfull \hbox (134.82393pt too wide) in paragraph at lines 64--66
\OT1/cmr/bx/n/10 f$\OT1/cmr/m/n/10 , it com-putes the vec-tor $\OT1/cmr/bx/n/10
 u$ \OT1/cmr/m/n/10 and saves it in [][]\OT1/cmtt/m/n/10 ApproxDiffusionConvect
ionReactionProblem2D.approxSolution[]\OT1/cmr/m/n/10 . 
 []


Overfull \hbox (63.77544pt too wide) in paragraph at lines 71--73
\OT1/cmr/m/n/10 Returns the value stored in [][]\OT1/cmtt/m/n/10 ApproxDiffusio
nConvectionReactionProblem2D.error.L2norm[]\OT1/cmr/m/n/10 .
 []


Overfull \hbox (42.24765pt too wide) in paragraph at lines 71--73
\OT1/cmr/m/n/10 gra-tion and stores it in [][]\OT1/cmtt/m/n/10 ApproxDiffusionC
onvectionReactionProblem2D.error.L2norm 
 []


Overfull \hbox (84.77525pt too wide) in paragraph at lines 81--83
\OT1/cmr/m/n/10 Returns the value stored in [][]\OT1/cmtt/m/n/10 ApproxDiffusio
nConvectionReactionProblem2D.error.H1seminorm[]\OT1/cmr/m/n/10 .
 []


Overfull \hbox (63.24747pt too wide) in paragraph at lines 81--83
\OT1/cmr/m/n/10 gra-tion and stores it in [][]\OT1/cmtt/m/n/10 ApproxDiffusionC
onvectionReactionProblem2D.error.H1seminorm 
 []


Overfull \hbox (74.27534pt too wide) in paragraph at lines 91--93
\OT1/cmr/m/n/10 Returns the value stored in [][]\OT1/cmtt/m/n/10 ApproxDiffusio
nConvectionReactionProblem2D.error.LInfnorm[]\OT1/cmr/m/n/10 .
 []


Overfull \hbox (1.053pt too wide) in paragraph at lines 91--93
\OT1/cmr/m/n/10 stores it in [][]\OT1/cmtt/m/n/10 ApproxDiffusionConvectionReac
tionProblem2D.error.LInfnorm 
 []

[17]) (./Classes/parabolicProblem.tex [18]
Overfull \hbox (42.38533pt too wide) in paragraph at lines 47--48
[][]\OT1/cmtt/m/n/10 ParabolicProblem.BC []\OT1/cmr/m/n/10 has a new field call
ed [][]\OT1/cmtt/m/n/10 ParabolicProblem.BC.boundaryFunctions
 []

[19]
Overfull \hbox (14.33084pt too wide) in paragraph at lines 52--53
[][][]\OT1/cmtt/m/n/10 DiffusionConvectionReactionProblem2D.exactSolution.uGrad
 []\OT1/cmr/m/n/10 is a func-
 []

[20]
Overfull \hbox (67.38536pt too wide) in paragraph at lines 87--88
[][]\OT1/cmtt/m/n/10 ParabolicProblem.BC []\OT1/cmr/m/n/10 has a new field call
ed [][]\OT1/cmtt/m/n/10 ParabolicProblem.BC.boundaryFunctions
 []

) (./Classes/approxParabolicProblem.tex
Overfull \hbox (5.01859pt too wide) in paragraph at lines 12--14
\OT1/cmr/m/n/10 with $\OML/cmm/m/it/10 i \OT1/cmr/m/n/10 = 1\OML/cmm/m/it/10 ; 
\OT1/cmr/m/n/10 2$. The ODE ob-tained is then solved nu-mer-i-cally us-ing Cran
k{Nicolson
 []


Overfull \hbox (16.69296pt too wide) in paragraph at lines 16--17
\OT1/cmr/m/n/10 All the prop-er-ties of [][]\OT1/cmtt/m/n/10 ParabolicProblem [
]\OT1/cmr/m/n/10 are prop-er-ties of[][]\OT1/cmtt/m/n/10 ApproxParabolicProblem
[]\OT1/cmr/m/n/10 .
 []

[21]
Overfull \hbox (9.00153pt too wide) in paragraph at lines 28--29
\OT1/cmr/m/n/10 This prop-erty is a ma-trix $\OML/cmm/m/it/10 A[] \OMS/cmsy/m/n
/10 2 \U/msb/m/n/10 R[]$ \OT1/cmr/m/n/10 whose com-po-nents $\OML/cmm/m/it/10 A
[] \OT1/cmr/m/n/10 := \OML/cmm/m/it/10 a\OT1/cmr/m/n/10 (\OML/cmm/m/it/10 '[]; 
'[]\OT1/cmr/m/n/10 )$. 
 []


Overfull \hbox (8.67915pt too wide) in paragraph at lines 32--33
\OT1/cmr/m/n/10 This prop-erty is a ma-trix $\OML/cmm/m/it/10 B[] \OMS/cmsy/m/n
/10 2 \U/msb/m/n/10 R[]$ \OT1/cmr/m/n/10 whose com-po-nents $\OML/cmm/m/it/10 B
[] \OT1/cmr/m/n/10 := \OML/cmm/m/it/10 b\OT1/cmr/m/n/10 (\OML/cmm/m/it/10 '[]; 
'[]\OT1/cmr/m/n/10 )$. 
 []

[22]
Overfull \hbox (5.69183pt too wide) in paragraph at lines 62--64
\OT1/cmr/m/n/10 er-ties [][]\OT1/cmtt/m/n/10 ApproxParabolicProblem.massMatrix 
[]\OT1/cmr/m/n/10 and [][]\OT1/cmtt/m/n/10 ApproxParabolicProblem.Bd 
 []


Overfull \hbox (31.9416pt too wide) in paragraph at lines 73--75
\OT1/cmr/m/n/10 er-ties [][]\OT1/cmtt/m/n/10 ApproxParabolicProblem.stiffnessMa
trix []\OT1/cmr/m/n/10 and [][]\OT1/cmtt/m/n/10 ApproxParabolicProblem.Ad 
 []

[23]
Overfull \hbox (66.72092pt too wide) in paragraph at lines 85--87
\OT1/cmr/m/n/10 It com-putes and saves a new col-umn in the prop-erty [][]\OT1/
cmtt/m/n/10 ApproxParabolicProblem.forcingVector 
 []


Overfull \hbox (8.97142pt too wide) in paragraph at lines 97--100
\OT1/cmr/m/n/10 It com-putes and saves a new col-umn in the prop-erty [][]\OT1/
cmtt/m/n/10 ApproxParabolicProblem.Gn
 []


Overfull \hbox (68.93384pt too wide) in paragraph at lines 106--108
\OT1/cmr/m/n/10 the Crank-Nicolson method. It saves the re-sults in [][]\OT1/cm
tt/m/n/10 ApproxParabolicProblem.approxSolution[]\OT1/cmr/m/n/10 . 
 []

[24] [25]) [26]
Chapter 3.

Overfull \hbox (7.04625pt too wide) in paragraph at lines 88--88
[]\OT1/cmr/bx/n/14.4 Diffusion Con-vec-tion Re-ac-tion prob-lems with
 []

(./Tests/Problem1.tex
<Images/Problem1P1.pdf, id=112, 562.1pt x 421.575pt>
File: Images/Problem1P1.pdf Graphic file (type pdf)
<use Images/Problem1P1.pdf>
Package pdftex.def Info: Images/Problem1P1.pdf  used on input line 40.
(pdftex.def)             Requested size: 155.24895pt x 116.432pt.
<Images/Problem1P2.pdf, id=113, 562.1pt x 421.575pt>
File: Images/Problem1P2.pdf Graphic file (type pdf)
<use Images/Problem1P2.pdf>
Package pdftex.def Info: Images/Problem1P2.pdf  used on input line 42.
(pdftex.def)             Requested size: 155.24895pt x 116.432pt.
 [27

]) (./Tests/Problem2.tex) (./Tests/Problem3.tex
[28 <./Images/Problem1P1.pdf> <./Images/Problem1P2.pdf>]) (./Tests/Problem4.tex
<Images/Problem4P1.pdf, id=216, 562.1pt x 421.575pt>
File: Images/Problem4P1.pdf Graphic file (type pdf)
<use Images/Problem4P1.pdf>
Package pdftex.def Info: Images/Problem4P1.pdf  used on input line 57.
(pdftex.def)             Requested size: 155.24895pt x 116.432pt.
<Images/Problem4P2.pdf, id=217, 562.1pt x 421.575pt>
File: Images/Problem4P2.pdf Graphic file (type pdf)
<use Images/Problem4P2.pdf>
Package pdftex.def Info: Images/Problem4P2.pdf  used on input line 59.
(pdftex.def)             Requested size: 155.24895pt x 116.432pt.
<Images/Problem4P1_nocorrection.pdf, id=218, 562.1pt x 421.575pt>
File: Images/Problem4P1_nocorrection.pdf Graphic file (type pdf)
<use Images/Problem4P1_nocorrection.pdf>
Package pdftex.def Info: Images/Problem4P1_nocorrection.pdf  used on input line
 61.
(pdftex.def)             Requested size: 155.24895pt x 116.432pt.
<Images/Problem4P2_nocorrection.pdf, id=219, 562.1pt x 421.575pt>
File: Images/Problem4P2_nocorrection.pdf Graphic file (type pdf)
<use Images/Problem4P2_nocorrection.pdf>
Package pdftex.def Info: Images/Problem4P2_nocorrection.pdf  used on input line
 63.
(pdftex.def)             Requested size: 155.24895pt x 116.432pt.
) (./Tests/Problem5.tex
Overfull \hbox (89.06825pt too wide) has occurred while \output is active
\OT1/cmr/m/sl/10 3.1.  DIFFUSION CONVECTION REACTION PROBLEMS WITH DIRICHLET CO
NDITIONS \OT1/cmr/m/n/10 29
 []

[29] [30 <./Images/Problem4P1.pdf> <./Images/Problem4P2.pdf> <./Images/Problem4
P1_nocorrection.pdf> <./Images/Problem4P2_nocorrection.pdf>])
(./Tests/Problem6.tex
Overfull \hbox (89.06825pt too wide) has occurred while \output is active
\OT1/cmr/m/sl/10 3.1.  DIFFUSION CONVECTION REACTION PROBLEMS WITH DIRICHLET CO
NDITIONS \OT1/cmr/m/n/10 31
 []

[31])
Overfull \hbox (7.04625pt too wide) in paragraph at lines 102--102
[]\OT1/cmr/bx/n/14.4 Diffusion Con-vec-tion Re-ac-tion prob-lems with
 []

(./Tests/ProblemNeumann1.tex [32]
<Images/ProblemNeumann1P1.pdf, id=418, 562.1pt x 421.575pt>
File: Images/ProblemNeumann1P1.pdf Graphic file (type pdf)
<use Images/ProblemNeumann1P1.pdf>
Package pdftex.def Info: Images/ProblemNeumann1P1.pdf  used on input line 39.
(pdftex.def)             Requested size: 155.24895pt x 116.432pt.
<Images/ProblemNeumann1P2.pdf, id=419, 562.1pt x 421.575pt>
File: Images/ProblemNeumann1P2.pdf Graphic file (type pdf)
<use Images/ProblemNeumann1P2.pdf>
Package pdftex.def Info: Images/ProblemNeumann1P2.pdf  used on input line 41.
(pdftex.def)             Requested size: 155.24895pt x 116.432pt.
) (./Tests/ProblemNeumann2.tex
Overfull \hbox (169.62175pt too wide) has occurred while \output is active
\OT1/cmr/m/sl/10 3.2.  DIFFUSION CONVECTION REACTION PROBLEMS WITH DIRICHLET AN
D NEUMANN CONDITIONS \OT1/cmr/m/n/10 33
 []

[33 <./Images/ProblemNeumann1P1.pdf> <./Images/ProblemNeumann1P2.pdf>])
(./Tests/ProblemHeat1.tex [34]
<Images/ProblemTBad.pdf, id=518, 562.1pt x 421.575pt>
File: Images/ProblemTBad.pdf Graphic file (type pdf)
<use Images/ProblemTBad.pdf>
Package pdftex.def Info: Images/ProblemTBad.pdf  used on input line 41.
(pdftex.def)             Requested size: 155.24895pt x 116.432pt.
<Images/ProblemTGood.pdf, id=519, 562.1pt x 421.575pt>
File: Images/ProblemTGood.pdf Graphic file (type pdf)
<use Images/ProblemTGood.pdf>
Package pdftex.def Info: Images/ProblemTGood.pdf  used on input line 43.
(pdftex.def)             Requested size: 155.24895pt x 116.432pt.
<Images/Loglogdt.pdf, id=520, 485.815pt x 387.4475pt>
File: Images/Loglogdt.pdf Graphic file (type pdf)
<use Images/Loglogdt.pdf>
Package pdftex.def Info: Images/Loglogdt.pdf  used on input line 50.
(pdftex.def)             Requested size: 172.5pt x 137.57143pt.
) (./Tests/ProblemHeat2.tex
Underfull \vbox (badness 10000) has occurred while \output is active []


Overfull \hbox (19.2081pt too wide) has occurred while \output is active
\OT1/cmr/m/sl/10 3.3.  PARABOLIC PROBLEM WITH DIRICHLET BOUNDARY CONDITIONS \OT
1/cmr/m/n/10 35
 []

[35 <./Images/ProblemTBad.pdf> <./Images/ProblemTGood.pdf> <./Images/Loglogdt.p
df>]) (./Tests/Comments.tex [36]
<Images/problem5P2.pdf, id=631, 562.1pt x 421.575pt>
File: Images/problem5P2.pdf Graphic file (type pdf)
<use Images/problem5P2.pdf>
Package pdftex.def Info: Images/problem5P2.pdf  used on input line 32.
(pdftex.def)             Requested size: 310.4979pt x 232.87045pt.
<Images/LogloghL2P1.pdf, id=632, 485.815pt x 384.43625pt>
File: Images/LogloghL2P1.pdf Graphic file (type pdf)
<use Images/LogloghL2P1.pdf>
Package pdftex.def Info: Images/LogloghL2P1.pdf  used on input line 40.
(pdftex.def)             Requested size: 137.9979pt x 109.1959pt.
<Images/LogloghH1P1.pdf, id=633, 485.815pt x 379.4175pt>
File: Images/LogloghH1P1.pdf Graphic file (type pdf)
<use Images/LogloghH1P1.pdf>
Package pdftex.def Info: Images/LogloghH1P1.pdf  used on input line 42.
(pdftex.def)             Requested size: 137.9979pt x 107.77037pt.
<Images/LogloghL2P2.pdf, id=634, 485.815pt x 384.43625pt>
File: Images/LogloghL2P2.pdf Graphic file (type pdf)
<use Images/LogloghL2P2.pdf>
Package pdftex.def Info: Images/LogloghL2P2.pdf  used on input line 44.
(pdftex.def)             Requested size: 137.9979pt x 109.1959pt.
<Images/LogloghH1P2.pdf, id=635, 485.815pt x 379.4175pt>
File: Images/LogloghH1P2.pdf Graphic file (type pdf)
<use Images/LogloghH1P2.pdf>
Package pdftex.def Info: Images/LogloghH1P2.pdf  used on input line 46.
(pdftex.def)             Requested size: 137.9979pt x 107.77037pt.
<Images/LogLogL2Neumann.pdf, id=636, 485.815pt x 384.43625pt>
File: Images/LogLogL2Neumann.pdf Graphic file (type pdf)
<use Images/LogLogL2Neumann.pdf>
Package pdftex.def Info: Images/LogLogL2Neumann.pdf  used on input line 56.
(pdftex.def)             Requested size: 137.9979pt x 109.1959pt.
<Images/LogLogH1Neumann.pdf, id=637, 485.815pt x 381.425pt>
File: Images/LogLogH1Neumann.pdf Graphic file (type pdf)
<use Images/LogLogH1Neumann.pdf>
Package pdftex.def Info: Images/LogLogH1Neumann.pdf  used on input line 58.
(pdftex.def)             Requested size: 137.9979pt x 108.34058pt.
) [37 <./Images/problem5P2.pdf>] [38 <./Images/LogloghL2P1.pdf> <./Images/Loglo
ghH1P1.pdf> <./Images/LogloghL2P2.pdf> <./Images/LogloghH1P2.pdf> <./Images/Log
LogL2Neumann.pdf> <./Images/LogLogH1Neumann.pdf>] [39] (./documentation.aux)

LaTeX Warning: There were multiply-defined labels.

 ) 
Here is how much of TeX's memory you used:
 6785 strings out of 478994
 103514 string characters out of 5858184
 614539 words of memory out of 5000000
 24099 multiletter control sequences out of 15000+600000
 418057 words of font info for 81 fonts, out of 8000000 for 9000
 1141 hyphenation exceptions out of 8191
 72i,17n,78p,833b,1459s stack positions out of 5000i,500n,10000p,200000b,80000s
{/usr/local/texlive/2021/texmf-dist/fonts/enc/dvips/cm-super/cm-super-ts1.enc
}{/usr/local/texlive/2021/texmf-dist/fonts/enc/dvips/base/8r.enc}</usr/local/te
xlive/2021/texmf-dist/fonts/type1/public/amsfonts/cm/cmbx10.pfb></usr/local/tex
live/2021/texmf-dist/fonts/type1/public/amsfonts/cm/cmbx12.pfb></usr/local/texl
ive/2021/texmf-dist/fonts/type1/public/amsfonts/cm/cmbx7.pfb></usr/local/texliv
e/2021/texmf-dist/fonts/type1/public/amsfonts/cm/cmex10.pfb></usr/local/texlive
/2021/texmf-dist/fonts/type1/public/amsfonts/cm/cmmi10.pfb></usr/local/texlive/
2021/texmf-dist/fonts/type1/public/amsfonts/cm/cmmi5.pfb></usr/local/texlive/20
21/texmf-dist/fonts/type1/public/amsfonts/cm/cmmi6.pfb></usr/local/texlive/2021
/texmf-dist/fonts/type1/public/amsfonts/cm/cmmi7.pfb></usr/local/texlive/2021/t
exmf-dist/fonts/type1/public/amsfonts/cm/cmmi8.pfb></usr/local/texlive/2021/tex
mf-dist/fonts/type1/public/amsfonts/cm/cmmi9.pfb></usr/local/texlive/2021/texmf
-dist/fonts/type1/public/amsfonts/cm/cmr10.pfb></usr/local/texlive/2021/texmf-d
ist/fonts/type1/public/amsfonts/cm/cmr12.pfb></usr/local/texlive/2021/texmf-dis
t/fonts/type1/public/amsfonts/cm/cmr17.pfb></usr/local/texlive/2021/texmf-dist/
fonts/type1/public/amsfonts/cm/cmr5.pfb></usr/local/texlive/2021/texmf-dist/fon
ts/type1/public/amsfonts/cm/cmr6.pfb></usr/local/texlive/2021/texmf-dist/fonts/
type1/public/amsfonts/cm/cmr7.pfb></usr/local/texlive/2021/texmf-dist/fonts/typ
e1/public/amsfonts/cm/cmr8.pfb></usr/local/texlive/2021/texmf-dist/fonts/type1/
public/amsfonts/cm/cmr9.pfb></usr/local/texlive/2021/texmf-dist/fonts/type1/pub
lic/amsfonts/cm/cmsl10.pfb></usr/local/texlive/2021/texmf-dist/fonts/type1/publ
ic/amsfonts/cm/cmsy10.pfb></usr/local/texlive/2021/texmf-dist/fonts/type1/publi
c/amsfonts/cm/cmsy5.pfb></usr/local/texlive/2021/texmf-dist/fonts/type1/public/
amsfonts/cm/cmsy7.pfb></usr/local/texlive/2021/texmf-dist/fonts/type1/public/am
sfonts/cm/cmsy8.pfb></usr/local/texlive/2021/texmf-dist/fonts/type1/public/amsf
onts/cm/cmti10.pfb></usr/local/texlive/2021/texmf-dist/fonts/type1/public/amsfo
nts/cm/cmti8.pfb></usr/local/texlive/2021/texmf-dist/fonts/type1/public/amsfont
s/cm/cmtt10.pfb></usr/local/texlive/2021/texmf-dist/fonts/type1/public/amsfonts
/cm/cmtt8.pfb></usr/local/texlive/2021/texmf-dist/fonts/type1/public/amsfonts/s
ymbols/msbm10.pfb></usr/local/texlive/2021/texmf-dist/fonts/type1/public/cm-sup
er/sfrm1000.pfb></usr/local/texlive/2021/texmf-dist/fonts/type1/urw/courier/ucr
ro8a.pfb>
Output written on documentation.pdf (39 pages, 1571256 bytes).
PDF statistics:
 859 PDF objects out of 1000 (max. 8388607)
 545 compressed objects within 6 object streams
 0 named destinations out of 1000 (max. 500000)
 91 words of extra memory for PDF output out of 10000 (max. 10000000)

