\BOOKMARK [0][-]{chapter.1}{\376\377\000I\000n\000t\000r\000o\000d\000u\000c\000t\000i\000o\000n}{}% 1
\BOOKMARK [1][-]{section.1.1}{\376\377\000U\000s\000a\000g\000e\000\040\000E\000x\000a\000m\000p\000l\000e}{chapter.1}% 2
\BOOKMARK [0][-]{chapter.2}{\376\377\000C\000l\000a\000s\000s\000e\000s}{}% 3
\BOOKMARK [1][-]{section.2.1}{\376\377\000E\000l\000e\000m\000e\000n\000t}{chapter.2}% 4
\BOOKMARK [2][-]{subsection.2.1.1}{\376\377\000P\000r\000o\000p\000e\000r\000t\000i\000e\000s}{section.2.1}% 5
\BOOKMARK [2][-]{subsection.2.1.2}{\376\377\000M\000e\000t\000h\000o\000d\000s}{section.2.1}% 6
\BOOKMARK [1][-]{section.2.2}{\376\377\000M\000e\000s\000h}{chapter.2}% 7
\BOOKMARK [2][-]{subsection.2.2.1}{\376\377\000P\000r\000o\000p\000e\000r\000t\000i\000e\000s}{section.2.2}% 8
\BOOKMARK [2][-]{subsection.2.2.2}{\376\377\000M\000e\000t\000h\000o\000d\000s}{section.2.2}% 9
\BOOKMARK [1][-]{section.2.3}{\376\377\000D\000i\000f\000f\000u\000s\000i\000o\000n\000C\000o\000n\000v\000e\000c\000t\000i\000o\000n\000P\000r\000o\000b\000l\000e\000m\0002\000D}{chapter.2}% 10
\BOOKMARK [2][-]{subsection.2.3.1}{\376\377\000P\000r\000o\000p\000e\000r\000t\000i\000e\000s}{section.2.3}% 11
\BOOKMARK [2][-]{subsection.2.3.2}{\376\377\000M\000e\000t\000h\000o\000d\000s}{section.2.3}% 12
\BOOKMARK [1][-]{section.2.4}{\376\377\000A\000p\000p\000r\000o\000x\000D\000i\000f\000f\000u\000s\000i\000o\000n\000C\000o\000n\000v\000e\000c\000t\000i\000o\000n\000P\000r\000o\000b\000l\000e\000m\0002\000D}{chapter.2}% 13
\BOOKMARK [2][-]{subsection.2.4.1}{\376\377\000P\000r\000o\000p\000e\000r\000t\000i\000e\000s}{section.2.4}% 14
\BOOKMARK [2][-]{subsection.2.4.2}{\376\377\000M\000e\000t\000h\000o\000d\000s}{section.2.4}% 15
\BOOKMARK [1][-]{section.2.5}{\376\377\000P\000a\000r\000a\000b\000o\000l\000i\000c\000P\000r\000o\000b\000l\000e\000m}{chapter.2}% 16
\BOOKMARK [2][-]{subsection.2.5.1}{\376\377\000P\000r\000o\000p\000e\000r\000t\000i\000e\000s}{section.2.5}% 17
\BOOKMARK [2][-]{subsection.2.5.2}{\376\377\000M\000e\000t\000h\000o\000d\000s}{section.2.5}% 18
\BOOKMARK [1][-]{section.2.6}{\376\377\000A\000p\000p\000r\000o\000x\000P\000a\000r\000a\000b\000o\000l\000i\000c\000P\000r\000o\000b\000l\000e\000m}{chapter.2}% 19
\BOOKMARK [2][-]{subsection.2.6.1}{\376\377\000P\000r\000o\000p\000e\000r\000t\000i\000e\000s}{section.2.6}% 20
\BOOKMARK [2][-]{subsection.2.6.2}{\376\377\000M\000e\000t\000h\000o\000d\000s}{section.2.6}% 21
\BOOKMARK [0][-]{chapter.3}{\376\377\000T\000e\000s\000t\000s}{}% 22
\BOOKMARK [1][-]{section.3.1}{\376\377\000D\000i\000f\000f\000u\000s\000i\000o\000n\000\040\000C\000o\000n\000v\000e\000c\000t\000i\000o\000n\000\040\000R\000e\000a\000c\000t\000i\000o\000n\000\040\000p\000r\000o\000b\000l\000e\000m\000s\000\040\000w\000i\000t\000h\000\040\000D\000i\000r\000i\000c\000h\000l\000e\000t\000\040\000c\000o\000n\000d\000i\000t\000i\000o\000n\000s}{chapter.3}% 23
\BOOKMARK [2][-]{subsection.3.1.1}{\376\377\000P\000r\000o\000b\000l\000e\000m\0001}{section.3.1}% 24
\BOOKMARK [2][-]{subsection.3.1.2}{\376\377\000P\000r\000o\000b\000l\000e\000m\0002}{section.3.1}% 25
\BOOKMARK [2][-]{subsection.3.1.3}{\376\377\000P\000r\000o\000b\000l\000e\000m\0003}{section.3.1}% 26
\BOOKMARK [2][-]{subsection.3.1.4}{\376\377\000P\000r\000o\000b\000l\000e\000m\0004}{section.3.1}% 27
\BOOKMARK [2][-]{subsection.3.1.5}{\376\377\000P\000r\000o\000b\000l\000e\000m\0005}{section.3.1}% 28
\BOOKMARK [2][-]{subsection.3.1.6}{\376\377\000P\000r\000o\000b\000l\000e\000m\0006}{section.3.1}% 29
\BOOKMARK [1][-]{section.3.2}{\376\377\000D\000i\000f\000f\000u\000s\000i\000o\000n\000\040\000C\000o\000n\000v\000e\000c\000t\000i\000o\000n\000\040\000R\000e\000a\000c\000t\000i\000o\000n\000\040\000p\000r\000o\000b\000l\000e\000m\000s\000\040\000w\000i\000t\000h\000\040\000D\000i\000r\000i\000c\000h\000l\000e\000t\000\040\000a\000n\000d\000\040\000N\000e\000u\000m\000a\000n\000n\000\040\000c\000o\000n\000d\000i\000t\000i\000o\000n\000s}{chapter.3}% 30
\BOOKMARK [2][-]{subsection.3.2.1}{\376\377\000P\000r\000o\000b\000l\000e\000m\000N\000e\000u\000m\000a\000n\000n\0001}{section.3.2}% 31
\BOOKMARK [2][-]{subsection.3.2.2}{\376\377\000P\000r\000o\000b\000l\000e\000m\000N\000e\000u\000m\000a\000n\000n\0002}{section.3.2}% 32
\BOOKMARK [1][-]{section.3.3}{\376\377\000P\000a\000r\000a\000b\000o\000l\000i\000c\000\040\000p\000r\000o\000b\000l\000e\000m\000\040\000w\000i\000t\000h\000\040\000D\000i\000r\000i\000c\000h\000l\000e\000t\000\040\000b\000o\000u\000n\000d\000a\000r\000y\000\040\000c\000o\000n\000d\000i\000t\000i\000o\000n\000s}{chapter.3}% 33
\BOOKMARK [2][-]{subsection.3.3.1}{\376\377\000P\000r\000o\000b\000l\000e\000m\000T}{section.3.3}% 34
\BOOKMARK [2][-]{subsection.3.3.2}{\376\377\000P\000r\000o\000b\000l\000e\000m\000X}{section.3.3}% 35
\BOOKMARK [1][-]{section.3.4}{\376\377\000C\000o\000m\000m\000e\000n\000t\000s\000\040\000o\000n\000\040\000t\000h\000e\000\040\000n\000u\000m\000e\000r\000i\000c\000a\000l\000\040\000r\000e\000s\000u\000l\000t\000s}{chapter.3}% 36
